<?xml version="1.0" encoding="UTF-8"?>
<testng-results ignored="0" total="10" passed="10" failed="0" skipped="0">
  <reporter-output>
  </reporter-output>
  <suite started-at="2022-02-04T14:19:41 IST" name="Default suite" finished-at="2022-02-04T14:19:50 IST" duration-ms="8752">
    <groups>
    </groups>
    <test started-at="2022-02-04T14:19:41 IST" name="Default test" finished-at="2022-02-04T14:19:50 IST" duration-ms="8752">
      <class name="com.qa.tests.GetAPITest">
        <test-method is-config="true" signature="getURLAPI()[pri:0, instance:com.qa.tests.GetAPITest@1cbb87f3]" started-at="2022-02-04T14:19:41 IST" name="getURLAPI" finished-at="2022-02-04T14:19:41 IST" duration-ms="20" status="PASS">
          <reporter-output>
          </reporter-output>
        </test-method> <!-- getURLAPI -->
        <test-method signature="getsearchcompanyTest(java.lang.String)[pri:0, instance:com.qa.tests.GetAPITest@1cbb87f3]" started-at="2022-02-04T14:19:41 IST" name="getsearchcompanyTest" data-provider="getURLAPI" finished-at="2022-02-04T14:19:42 IST" duration-ms="1031" status="PASS">
          <params>
            <param index="0">
              <value>
                <![CDATA[http://10.130.20.174:8080/SharedServices/searchcompanyonwebsite?website=http://www.3dplmsoftware.com&country=IN]]>
              </value>
            </param>
          </params>
          <reporter-output>
          </reporter-output>
        </test-method> <!-- getsearchcompanyTest -->
        <test-method is-config="true" signature="getURLAPI()[pri:0, instance:com.qa.tests.GetAPITest@1cbb87f3]" started-at="2022-02-04T14:19:42 IST" name="getURLAPI" finished-at="2022-02-04T14:19:42 IST" duration-ms="14" status="PASS">
          <reporter-output>
          </reporter-output>
        </test-method> <!-- getURLAPI -->
        <test-method signature="getsearchcompanyTest(java.lang.String)[pri:0, instance:com.qa.tests.GetAPITest@1cbb87f3]" started-at="2022-02-04T14:19:42 IST" name="getsearchcompanyTest" data-provider="getURLAPI" finished-at="2022-02-04T14:19:43 IST" duration-ms="764" status="PASS">
          <params>
            <param index="0">
              <value>
                <![CDATA[http://10.130.20.174:8080/SharedServices/searchcompanyonwebsite?website=www.atak.com&country=AT]]>
              </value>
            </param>
          </params>
          <reporter-output>
          </reporter-output>
        </test-method> <!-- getsearchcompanyTest -->
        <test-method is-config="true" signature="getURLAPI()[pri:0, instance:com.qa.tests.GetAPITest@1cbb87f3]" started-at="2022-02-04T14:19:43 IST" name="getURLAPI" finished-at="2022-02-04T14:19:43 IST" duration-ms="19" status="PASS">
          <reporter-output>
          </reporter-output>
        </test-method> <!-- getURLAPI -->
        <test-method signature="getsearchcompanyTest(java.lang.String)[pri:0, instance:com.qa.tests.GetAPITest@1cbb87f3]" started-at="2022-02-04T14:19:43 IST" name="getsearchcompanyTest" data-provider="getURLAPI" finished-at="2022-02-04T14:19:44 IST" duration-ms="689" status="PASS">
          <params>
            <param index="0">
              <value>
                <![CDATA[http://10.130.20.174:8080/SharedServices/getCountryCode?name=india]]>
              </value>
            </param>
          </params>
          <reporter-output>
          </reporter-output>
        </test-method> <!-- getsearchcompanyTest -->
        <test-method is-config="true" signature="getURLAPI()[pri:0, instance:com.qa.tests.GetAPITest@1cbb87f3]" started-at="2022-02-04T14:19:44 IST" name="getURLAPI" finished-at="2022-02-04T14:19:44 IST" duration-ms="19" status="PASS">
          <reporter-output>
          </reporter-output>
        </test-method> <!-- getURLAPI -->
        <test-method signature="getsearchcompanyTest(java.lang.String)[pri:0, instance:com.qa.tests.GetAPITest@1cbb87f3]" started-at="2022-02-04T14:19:44 IST" name="getsearchcompanyTest" data-provider="getURLAPI" finished-at="2022-02-04T14:19:45 IST" duration-ms="799" status="PASS">
          <params>
            <param index="0">
              <value>
                <![CDATA[http://10.130.20.174:8080/SharedServices/admin/configureCache?cacheName=sskbregioncache&cacheSize=1048576]]>
              </value>
            </param>
          </params>
          <reporter-output>
          </reporter-output>
        </test-method> <!-- getsearchcompanyTest -->
        <test-method is-config="true" signature="getURLAPI()[pri:0, instance:com.qa.tests.GetAPITest@1cbb87f3]" started-at="2022-02-04T14:19:45 IST" name="getURLAPI" finished-at="2022-02-04T14:19:45 IST" duration-ms="16" status="PASS">
          <reporter-output>
          </reporter-output>
        </test-method> <!-- getURLAPI -->
        <test-method signature="getsearchcompanyTest(java.lang.String)[pri:0, instance:com.qa.tests.GetAPITest@1cbb87f3]" started-at="2022-02-04T14:19:45 IST" name="getsearchcompanyTest" data-provider="getURLAPI" finished-at="2022-02-04T14:19:45 IST" duration-ms="797" status="PASS">
          <params>
            <param index="0">
              <value>
                <![CDATA[http://10.130.20.174:8080/SharedServices/getCountry?code=US]]>
              </value>
            </param>
          </params>
          <reporter-output>
          </reporter-output>
        </test-method> <!-- getsearchcompanyTest -->
        <test-method is-config="true" signature="getURLAPI()[pri:0, instance:com.qa.tests.GetAPITest@1cbb87f3]" started-at="2022-02-04T14:19:45 IST" name="getURLAPI" finished-at="2022-02-04T14:19:45 IST" duration-ms="10" status="PASS">
          <reporter-output>
          </reporter-output>
        </test-method> <!-- getURLAPI -->
        <test-method signature="getsearchcompanyTest(java.lang.String)[pri:0, instance:com.qa.tests.GetAPITest@1cbb87f3]" started-at="2022-02-04T14:19:45 IST" name="getsearchcompanyTest" data-provider="getURLAPI" finished-at="2022-02-04T14:19:46 IST" duration-ms="1017" status="PASS">
          <params>
            <param index="0">
              <value>
                <![CDATA[http://10.130.20.174:8080/SharedServices/contact?email_id=test_joe.tolentino@watsons.com.ph]]>
              </value>
            </param>
          </params>
          <reporter-output>
          </reporter-output>
        </test-method> <!-- getsearchcompanyTest -->
        <test-method is-config="true" signature="getURLAPI()[pri:0, instance:com.qa.tests.GetAPITest@1cbb87f3]" started-at="2022-02-04T14:19:46 IST" name="getURLAPI" finished-at="2022-02-04T14:19:46 IST" duration-ms="12" status="PASS">
          <reporter-output>
          </reporter-output>
        </test-method> <!-- getURLAPI -->
        <test-method signature="getsearchcompanyTest(java.lang.String)[pri:0, instance:com.qa.tests.GetAPITest@1cbb87f3]" started-at="2022-02-04T14:19:46 IST" name="getsearchcompanyTest" data-provider="getURLAPI" finished-at="2022-02-04T14:19:47 IST" duration-ms="675" status="PASS">
          <params>
            <param index="0">
              <value>
                <![CDATA[http://10.130.20.174:8080/SharedServices/loadmsor?dunsnumber=303754980]]>
              </value>
            </param>
          </params>
          <reporter-output>
          </reporter-output>
        </test-method> <!-- getsearchcompanyTest -->
        <test-method is-config="true" signature="getURLAPI()[pri:0, instance:com.qa.tests.GetAPITest@1cbb87f3]" started-at="2022-02-04T14:19:47 IST" name="getURLAPI" finished-at="2022-02-04T14:19:47 IST" duration-ms="17" status="PASS">
          <reporter-output>
          </reporter-output>
        </test-method> <!-- getURLAPI -->
        <test-method signature="getsearchcompanyTest(java.lang.String)[pri:0, instance:com.qa.tests.GetAPITest@1cbb87f3]" started-at="2022-02-04T14:19:47 IST" name="getsearchcompanyTest" data-provider="getURLAPI" finished-at="2022-02-04T14:19:48 IST" duration-ms="825" status="PASS">
          <params>
            <param index="0">
              <value>
                <![CDATA[http://10.130.20.174:8080/SharedServices/loadmsorbycompanyid?companyid=1]]>
              </value>
            </param>
          </params>
          <reporter-output>
          </reporter-output>
        </test-method> <!-- getsearchcompanyTest -->
        <test-method is-config="true" signature="getURLAPI()[pri:0, instance:com.qa.tests.GetAPITest@1cbb87f3]" started-at="2022-02-04T14:19:48 IST" name="getURLAPI" finished-at="2022-02-04T14:19:48 IST" duration-ms="8" status="PASS">
          <reporter-output>
          </reporter-output>
        </test-method> <!-- getURLAPI -->
        <test-method signature="getsearchcompanyTest(java.lang.String)[pri:0, instance:com.qa.tests.GetAPITest@1cbb87f3]" started-at="2022-02-04T14:19:48 IST" name="getsearchcompanyTest" data-provider="getURLAPI" finished-at="2022-02-04T14:19:49 IST" duration-ms="808" status="PASS">
          <params>
            <param index="0">
              <value>
                <![CDATA[http://10.130.20.174:8080/SharedServices/getphoneformat?Country=in&PhoneNumber=7207991255]]>
              </value>
            </param>
          </params>
          <reporter-output>
          </reporter-output>
        </test-method> <!-- getsearchcompanyTest -->
        <test-method is-config="true" signature="getURLAPI()[pri:0, instance:com.qa.tests.GetAPITest@1cbb87f3]" started-at="2022-02-04T14:19:49 IST" name="getURLAPI" finished-at="2022-02-04T14:19:49 IST" duration-ms="18" status="PASS">
          <reporter-output>
          </reporter-output>
        </test-method> <!-- getURLAPI -->
        <test-method signature="getsearchcompanyTest(java.lang.String)[pri:0, instance:com.qa.tests.GetAPITest@1cbb87f3]" started-at="2022-02-04T14:19:49 IST" name="getsearchcompanyTest" data-provider="getURLAPI" finished-at="2022-02-04T14:19:50 IST" duration-ms="803" status="PASS">
          <params>
            <param index="0">
              <value>
                <![CDATA[http://10.130.20.174:8080/SharedServices/getstatename/ap/in/any]]>
              </value>
            </param>
          </params>
          <reporter-output>
          </reporter-output>
        </test-method> <!-- getsearchcompanyTest -->
      </class> <!-- com.qa.tests.GetAPITest -->
    </test> <!-- Default test -->
  </suite> <!-- Default suite -->
</testng-results>
