<?xml version="1.0" encoding="UTF-8"?>
<!-- Generated by org.testng.reporters.JUnitXMLReporter -->
<testsuite ignored="0" hostname="LT-AS-IND-62" failures="0" tests="10" name="Default test" time="8.752" errors="0" timestamp="2022-02-04T14:19:50 IST">
  <testcase classname="com.qa.tests.GetAPITest" name="getsearchcompanyTest" time="1.031"/>
  <testcase classname="com.qa.tests.GetAPITest" name="getsearchcompanyTest" time="0.764"/>
  <testcase classname="com.qa.tests.GetAPITest" name="getsearchcompanyTest" time="0.689"/>
  <testcase classname="com.qa.tests.GetAPITest" name="getsearchcompanyTest" time="0.799"/>
  <testcase classname="com.qa.tests.GetAPITest" name="getsearchcompanyTest" time="0.797"/>
  <testcase classname="com.qa.tests.GetAPITest" name="getsearchcompanyTest" time="1.017"/>
  <testcase classname="com.qa.tests.GetAPITest" name="getsearchcompanyTest" time="0.675"/>
  <testcase classname="com.qa.tests.GetAPITest" name="getsearchcompanyTest" time="0.825"/>
  <testcase classname="com.qa.tests.GetAPITest" name="getsearchcompanyTest" time="0.808"/>
  <testcase classname="com.qa.tests.GetAPITest" name="getsearchcompanyTest" time="0.803"/>
</testsuite> <!-- Default test -->
